<?xml version="1.0" encoding="UTF-8"?>
<!-- Generated by org.testng.reporters.JUnitReportReporter -->
<testsuite skipped="0" hostname="DESKTOP-PHQB903" name="testrunner.TideApplication" tests="2" failures="0" timestamp="10 Nov 2021 14:01:40 GMT" time="94.261" errors="0">
  <testcase name="testcase1" time="77.684" classname="testrunner.TideApplication"/>
  <testcase name="testcase3" time="16.577" classname="testrunner.TideApplication"/>
</testsuite> <!-- testrunner.TideApplication -->
