<?xml version="1.0" encoding="UTF-8"?>
<!-- Generated by org.testng.reporters.JUnitReportReporter -->
<testsuite skipped="0" hostname="DESKTOP-PHQB903" name="testrunner.testrunnerCucumber" tests="1" failures="0" timestamp="10 Nov 2021 14:01:40 GMT" time="104.056" errors="0">
  <testcase name="feature" time="104.056" classname="testrunner.testrunnerCucumber"/>
</testsuite> <!-- testrunner.testrunnerCucumber -->
